Build started 12/9/2012 12:42:45 PM.
     1>Project "F:\Programming\C++\C++_Game_Engine\C++_Game_Engine\C++_Game_Engine.vcxproj" on node 2 (build target(s)).
     1>PrepareForBuild:
         Creating directory "F:\Programming\C++\C++_Game_Engine\Release\".
       InitializeBuildStatus:
         Creating "Release\C++_Game_Engine.unsuccessfulbuild" because "AlwaysCreate" was specified.
       ClCompile:
         D:\Program Files (x86)\Microsoft Visual Studio 10.0\VC\bin\CL.exe /c /Zi /nologo /W3 /WX- /O2 /Oi /Oy- /GL /D _MBCS /Gm- /EHsc /MD /GS /Gy /fp:precise /Zc:wchar_t /Zc:forScope /Fo"Release\\" /Fd"Release\vc100.pdb" /Gd /TP /analyze- /errorReport:prompt main.cpp
         main.cpp
       Link:
         D:\Program Files (x86)\Microsoft Visual Studio 10.0\VC\bin\link.exe /ERRORREPORT:PROMPT /OUT:"F:\Programming\C++\C++_Game_Engine\Release\C++_Game_Engine.exe" /NOLOGO "sfml-audio-s.lib" "sfml-network-s.lib" "sfml-graphics-s.lib" "sfml-window-s.lib" "sfml-system-s.lib" kernel32.lib user32.lib gdi32.lib winspool.lib comdlg32.lib advapi32.lib shell32.lib ole32.lib oleaut32.lib uuid.lib odbc32.lib odbccp32.lib kernel32.lib user32.lib gdi32.lib winspool.lib comdlg32.lib advapi32.lib shell32.lib ole32.lib oleaut32.lib uuid.lib odbc32.lib odbccp32.lib /MANIFEST /ManifestFile:"Release\C++_Game_Engine.exe.intermediate.manifest" /MANIFESTUAC:"level='asInvoker' uiAccess='false'" /DEBUG /PDB:"F:\Programming\C++\C++_Game_Engine\Release\C++_Game_Engine.pdb" /OPT:REF /OPT:ICF /LTCG /TLBID:1 /DYNAMICBASE /NXCOMPAT /IMPLIB:"F:\Programming\C++\C++_Game_Engine\Release\C++_Game_Engine.lib" /MACHINE:X86 Release\main.obj
         Generating code
         Finished generating code
         C++_Game_Engine.vcxproj -> F:\Programming\C++\C++_Game_Engine\Release\C++_Game_Engine.exe
       Manifest:
         C:\Program Files (x86)\Microsoft SDKs\Windows\v7.0A\bin\mt.exe /nologo /verbose /outputresource:"F:\Programming\C++\C++_Game_Engine\Release\C++_Game_Engine.exe;#1" /manifest Release\C++_Game_Engine.exe.intermediate.manifest
       FinalizeBuildStatus:
         Deleting file "Release\C++_Game_Engine.unsuccessfulbuild".
         Touching "Release\C++_Game_Engine.lastbuildstate".
     1>Done Building Project "F:\Programming\C++\C++_Game_Engine\C++_Game_Engine\C++_Game_Engine.vcxproj" (build target(s)).

Build succeeded.

Time Elapsed 00:00:03.27
